INFO - Hello, world!
INFO - App is running in release mode
INFO - Window created
INFO - Renderer created
INFO - Entity created with 2 components
INFO - Entity created with 2 components
INFO - Entity created with 2 components
INFO - Starting main loop
INFO - Hello, world!
INFO - App is running in release mode
INFO - Window created
INFO - Renderer created
INFO - Entity created with 2 components
INFO - Entity created with 2 components
INFO - Entity created with 2 components
INFO - Starting main loop
INFO - Hello, world!
INFO - App is running in release mode
INFO - Window created
INFO - Renderer created
INFO - Entity created with 2 components
INFO - Entity created with 2 components
INFO - Entity created with 2 components
INFO - Starting main loop
INFO - Hello, world!
INFO - App is running in release mode
INFO - Window created
INFO - Renderer created
INFO - Entity created with 2 components
INFO - Entity created with 2 components
INFO - Entity created with 2 components
INFO - Starting main loop
INFO - Hello, world!
INFO - App is running in release mode
INFO - Window created
INFO - Renderer created
INFO - Entity created with 2 components
INFO - Entity created with 2 components
INFO - Entity created with 2 components
INFO - Starting main loop
INFO - Hello, world!
INFO - App is running in release mode
INFO - Window created
INFO - Renderer created
INFO - Entity created with 2 components
INFO - Entity created with 2 components
INFO - Entity created with 2 components
INFO - Starting main loop
INFO - Hello, world!
INFO - App is running in release mode
INFO - Window created
INFO - Renderer created
INFO - Entity created with 2 components
INFO - Entity created with 2 components
INFO - Entity created with 2 components
INFO - Starting main loop
INFO - Hello, world!
INFO - App is running in release mode
INFO - Window created
INFO - Renderer created
INFO - Entity created with 2 components
INFO - Entity created with 2 components
INFO - Entity created with 2 components
INFO - Starting main loop
INFO - Hello, world!
INFO - App is running in release mode
INFO - Window created
INFO - Renderer created
INFO - Entity created with 2 components
INFO - Entity created with 2 components
INFO - Entity created with 2 components
INFO - Starting main loop
INFO - Hello, world!
INFO - App is running in release mode
INFO - Window created
INFO - Renderer created
INFO - Entity created with 2 components
INFO - Entity created with 2 components
INFO - Entity created with 2 components
INFO - Starting main loop
INFO - Hello, world!
INFO - App is running in release mode
INFO - Window created
INFO - Renderer created
INFO - Entity created with 2 components
INFO - Entity created with 2 components
INFO - Entity created with 2 components
INFO - Starting main loop
INFO - Hello, world!
INFO - App is running in release mode
INFO - Window created
INFO - Renderer created
INFO - Entity created with 2 components
INFO - Entity created with 2 components
INFO - Entity created with 2 components
INFO - Starting main loop
INFO - Hello, world!
INFO - App is running in release mode
INFO - Window created
INFO - Renderer created
INFO - Entity created with 2 components
INFO - Entity created with 2 components
INFO - Entity created with 2 components
INFO - Starting main loop
INFO - Hello, world!
INFO - App is running in release mode
INFO - Window created
INFO - Renderer created
INFO - Entity created with 2 components
INFO - Entity created with 2 components
INFO - Entity created with 2 components
INFO - Starting main loop
INFO - Hello, world!
INFO - App is running in release mode
INFO - Window created
INFO - Renderer created
INFO - Entity created with 2 components
INFO - Entity created with 2 components
INFO - Entity created with 2 components
INFO - Starting main loop
INFO - Hello, world!
INFO - App is running in release mode
INFO - Window created
INFO - Renderer created
INFO - Entity created with 2 components
INFO - Entity created with 2 components
INFO - Entity created with 2 components
INFO - Starting main loop
ERROR - Heaps not completely freed before drop. Utilization: MemoryHeapUtilization { utilization: MemoryUtilization { used: 8912896, effective: 4396032 }, size: 6270484480 }
ERROR - Heaps not completely freed before drop. Utilization: MemoryHeapUtilization { utilization: MemoryUtilization { used: 16777216, effective: 4263936 }, size: 8550993920 }
ERROR - Memory leak: SizeEntry(256) is still used
ERROR - Memory leak: SizeEntry(2048) is still used
ERROR - Memory leak: SizeEntry(16384) is still used
ERROR - Memory leak: SizeEntry(4128768) is still used
ERROR - Memory leak: SizeEntry(1032192) is still used
ERROR - Memory leak: SizeEntry(262144) is still used
ERROR - Memory leak: SizeEntry(65536) is still used
ERROR - Not all allocations from LinearAllocator were freed
ERROR - DescriptorAllocator is dropped
INFO - Hello, world!
INFO - App is running in release mode
INFO - Window created
INFO - Renderer created
INFO - Entity created with 2 components
INFO - Entity created with 2 components
INFO - Entity created with 2 components
INFO - Starting main loop
INFO - Hello, world!
INFO - App is running in release mode
INFO - Window created
INFO - Renderer created
INFO - Entity created with 2 components
INFO - Entity created with 2 components
INFO - Entity created with 2 components
INFO - Starting main loop
INFO - Hello, world!
INFO - App is running in release mode
INFO - Window created
INFO - Renderer created
INFO - Entity created with 2 components
INFO - Entity created with 2 components
INFO - Entity created with 2 components
INFO - Starting main loop
INFO - Hello, world!
INFO - App is running in release mode
INFO - Window created
INFO - Renderer created
INFO - Entity created with 2 components
INFO - Entity created with 2 components
INFO - Entity created with 2 components
INFO - Starting main loop
