2021-01-15 14:29:15| knock_the_enemy: INFO - Hello, world - Logger initalized!
2021-01-15 14:29:15| knock_the_enemy: INFO - Logging Level: Info
2021-01-15 14:29:15| knock_the_enemy: INFO - Screen mode: "windowed"
2021-01-15 14:29:15| knock_the_enemy: INFO - Vsync Mode: Mailbox
2021-01-15 14:29:15| knock_the_enemy: INFO - App is running in release mode
2021-01-15 14:29:16| knock_the_enemy: INFO - Window created
2021-01-15 14:29:16| knock_the_enemy: INFO - Renderer created
2021-01-15 14:29:16| knock_the_enemy::entity::entitymanager: INFO - Entity Manager Initialized
2021-01-15 14:29:16| knock_the_enemy::physics: INFO - Initialized the physics world
2021-01-15 14:29:16| knock_the_enemy: INFO - Systems successfully initialized
2021-01-15 14:29:16| knock_the_enemy::renderer::texture: INFO - Texture Some("./data/textures/derp.png") loaded
2021-01-15 14:29:16| knock_the_enemy::renderer::texture: INFO - Texture Some("./data/textures/happy-tree.png") loaded
2021-01-15 14:29:16| knock_the_enemy::renderer::texture: INFO - Texture Some("./data/textures/pepe.png") loaded
2021-01-15 14:29:16| knock_the_enemy::transform::translation: WARN - Make sure to add this data to a Transform component
2021-01-15 14:29:16| knock_the_enemy::transform::rotation: WARN - Make sure to add this data to a Transform component
2021-01-15 14:29:16| knock_the_enemy::transform::non_uniform: WARN - Make sure to add this data to a Transform component
2021-01-15 14:29:16| knock_the_enemy::physics: INFO - Generating new physics shape
2021-01-15 14:29:16| knock_the_enemy::physics: INFO - Generating new body definition
2021-01-15 14:29:16| knock_the_enemy::entity::entitymanager: INFO - Entity created with 4 components
2021-01-15 14:29:16| knock_the_enemy::transform::translation: WARN - Make sure to add this data to a Transform component
2021-01-15 14:29:16| knock_the_enemy::transform::rotation: WARN - Make sure to add this data to a Transform component
2021-01-15 14:29:16| knock_the_enemy::transform::non_uniform: WARN - Make sure to add this data to a Transform component
2021-01-15 14:29:16| knock_the_enemy::physics: INFO - Generating new physics shape
2021-01-15 14:29:16| knock_the_enemy::physics: INFO - Generating new body definition
2021-01-15 14:29:16| knock_the_enemy::entity::entitymanager: INFO - Entity created with 3 components
2021-01-15 14:29:16| knock_the_enemy::transform::translation: WARN - Make sure to add this data to a Transform component
2021-01-15 14:29:16| knock_the_enemy::transform::rotation: WARN - Make sure to add this data to a Transform component
2021-01-15 14:29:16| knock_the_enemy::transform::non_uniform: WARN - Make sure to add this data to a Transform component
2021-01-15 14:29:16| knock_the_enemy::physics: INFO - Generating new physics shape
2021-01-15 14:29:16| knock_the_enemy::physics: INFO - Generating new body definition
2021-01-15 14:29:16| knock_the_enemy::entity::entitymanager: INFO - Entity created with 3 components
2021-01-15 14:29:16| knock_the_enemy::transform::translation: WARN - Make sure to add this data to a Transform component
2021-01-15 14:29:16| knock_the_enemy::transform::rotation: WARN - Make sure to add this data to a Transform component
2021-01-15 14:29:16| knock_the_enemy::transform::non_uniform: WARN - Make sure to add this data to a Transform component
2021-01-15 14:29:16| knock_the_enemy::physics: INFO - Generating new physics shape
2021-01-15 14:29:16| knock_the_enemy::physics: INFO - Generating new body definition
2021-01-15 14:29:16| knock_the_enemy::entity::entitymanager: INFO - Entity created with 3 components
2021-01-15 14:29:16| knock_the_enemy: INFO - Entities built
2021-01-15 14:29:16| knock_the_enemy: INFO - Render Pipelines built
2021-01-15 14:29:16| knock_the_enemy: INFO - Starting main loop
2021-01-15 14:29:19| knock_the_enemy: INFO - User resized screen
2021-01-15 14:29:19| knock_the_enemy: INFO - User resized screen
2021-01-15 14:29:19| knock_the_enemy: INFO - User resized screen
2021-01-15 14:29:20| knock_the_enemy: INFO - User resized screen
2021-01-15 14:29:20| wgpu_glyph: WARN - Increasing glyph texture size (256, 256) -> (512, 512). Consider building with `.initial_cache_size((512, 512))` to avoid resizing
2021-01-15 14:29:20| knock_the_enemy: INFO - User resized screen
2021-01-15 14:29:20| knock_the_enemy: INFO - User resized screen
2021-01-15 14:29:20| knock_the_enemy: INFO - User resized screen
2021-01-15 14:29:20| knock_the_enemy: INFO - User resized screen
2021-01-15 14:29:20| knock_the_enemy: INFO - User resized screen
2021-01-15 14:29:20| knock_the_enemy: INFO - User resized screen
2021-01-15 14:29:20| knock_the_enemy: INFO - User resized screen
2021-01-15 14:29:20| knock_the_enemy: INFO - User resized screen
2021-01-15 14:29:20| knock_the_enemy: INFO - User resized screen
2021-01-15 14:29:20| knock_the_enemy: INFO - User resized screen
2021-01-15 14:29:20| knock_the_enemy: INFO - User resized screen
2021-01-15 14:29:20| knock_the_enemy: INFO - User resized screen
2021-01-15 14:29:20| knock_the_enemy: INFO - User resized screen
2021-01-15 14:29:20| knock_the_enemy: INFO - User resized screen
2021-01-15 14:29:20| knock_the_enemy: INFO - User resized screen
2021-01-15 14:29:21| knock_the_enemy: INFO - User resized screen
2021-01-15 14:29:21| knock_the_enemy: INFO - User resized screen
2021-01-15 14:29:21| knock_the_enemy: INFO - User resized screen
2021-01-15 14:29:21| knock_the_enemy: INFO - User resized screen
2021-01-15 14:29:21| knock_the_enemy: INFO - User resized screen
2021-01-15 14:29:21| knock_the_enemy: INFO - User resized screen
2021-01-15 14:29:21| knock_the_enemy: INFO - User resized screen
2021-01-15 14:29:21| knock_the_enemy: INFO - User resized screen
2021-01-15 14:29:21| knock_the_enemy: INFO - User resized screen
2021-01-15 14:29:21| knock_the_enemy: INFO - User resized screen
2021-01-15 14:29:21| knock_the_enemy: INFO - User resized screen
2021-01-15 14:29:21| knock_the_enemy: INFO - User resized screen
2021-01-15 14:29:21| knock_the_enemy: INFO - User resized screen
2021-01-15 14:29:21| knock_the_enemy: INFO - User resized screen
2021-01-15 14:29:21| knock_the_enemy: INFO - User resized screen
2021-01-15 14:29:21| knock_the_enemy: INFO - User resized screen
2021-01-15 14:29:21| knock_the_enemy: INFO - User resized screen
2021-01-15 14:29:21| knock_the_enemy: INFO - User resized screen
2021-01-15 14:29:21| knock_the_enemy: INFO - User resized screen
2021-01-15 14:29:21| knock_the_enemy: INFO - User resized screen
2021-01-15 14:29:21| knock_the_enemy: INFO - User resized screen
2021-01-15 14:29:21| knock_the_enemy: INFO - User resized screen
2021-01-15 14:29:21| knock_the_enemy: INFO - User resized screen
2021-01-15 14:29:21| knock_the_enemy: INFO - User resized screen
2021-01-15 14:29:21| knock_the_enemy: INFO - User resized screen
2021-01-15 14:29:21| knock_the_enemy: INFO - User resized screen
2021-01-15 14:29:21| knock_the_enemy: INFO - User resized screen
2021-01-15 14:29:21| knock_the_enemy: INFO - User resized screen
2021-01-15 14:29:21| knock_the_enemy: INFO - User resized screen
2021-01-15 14:29:21| knock_the_enemy: INFO - User resized screen
2021-01-15 14:29:21| knock_the_enemy: INFO - User resized screen
2021-01-15 14:29:21| knock_the_enemy: INFO - User resized screen
2021-01-15 14:29:21| knock_the_enemy: INFO - User resized screen
2021-01-15 14:29:21| knock_the_enemy: INFO - User resized screen
2021-01-15 14:29:21| knock_the_enemy: INFO - User resized screen
2021-01-15 14:29:21| knock_the_enemy: INFO - User resized screen
2021-01-15 14:29:21| knock_the_enemy: INFO - User resized screen
2021-01-15 14:29:21| knock_the_enemy: INFO - User resized screen
2021-01-15 14:29:22| knock_the_enemy: INFO - User resized screen
2021-01-15 14:29:22| knock_the_enemy: INFO - User resized screen
2021-01-15 14:29:22| knock_the_enemy: INFO - User resized screen
2021-01-15 14:29:22| knock_the_enemy: INFO - User resized screen
2021-01-15 14:29:22| knock_the_enemy: INFO - User resized screen
2021-01-15 14:29:22| knock_the_enemy: INFO - User resized screen
2021-01-15 14:29:22| knock_the_enemy: INFO - User resized screen
2021-01-15 14:29:22| knock_the_enemy: INFO - User resized screen
2021-01-15 14:29:22| knock_the_enemy: INFO - User resized screen
2021-01-15 14:29:22| knock_the_enemy: INFO - User resized screen
2021-01-15 14:29:22| knock_the_enemy: INFO - User resized screen
2021-01-15 14:29:22| knock_the_enemy: INFO - User resized screen
2021-01-15 14:29:22| knock_the_enemy: INFO - User resized screen
2021-01-15 14:29:22| knock_the_enemy: INFO - User resized screen
2021-01-15 14:29:22| knock_the_enemy: INFO - User resized screen
2021-01-15 14:29:22| knock_the_enemy: INFO - User resized screen
2021-01-15 14:29:22| knock_the_enemy: INFO - User resized screen
2021-01-15 14:29:22| knock_the_enemy: INFO - User resized screen
2021-01-15 14:29:22| knock_the_enemy: INFO - User resized screen
2021-01-15 14:29:22| knock_the_enemy: INFO - User resized screen
2021-01-15 14:29:22| knock_the_enemy: INFO - User resized screen
2021-01-15 14:29:22| knock_the_enemy: INFO - User resized screen
2021-01-15 14:29:22| knock_the_enemy: INFO - User resized screen
2021-01-15 14:29:22| knock_the_enemy: INFO - User resized screen
2021-01-15 14:29:22| knock_the_enemy: INFO - User resized screen
2021-01-15 14:29:23| knock_the_enemy: INFO - User resized screen
2021-01-15 14:29:23| knock_the_enemy: INFO - User resized screen
2021-01-15 14:29:23| knock_the_enemy: INFO - User resized screen
2021-01-15 14:29:23| knock_the_enemy: INFO - User resized screen
2021-01-15 14:29:23| knock_the_enemy: INFO - User resized screen
2021-01-15 14:29:23| knock_the_enemy: INFO - User resized screen
2021-01-15 14:29:23| knock_the_enemy: INFO - User resized screen
2021-01-15 14:29:23| knock_the_enemy: INFO - User resized screen
2021-01-15 14:29:23| knock_the_enemy: INFO - User resized screen
2021-01-15 14:29:23| knock_the_enemy: INFO - User resized screen
2021-01-15 14:29:23| knock_the_enemy: INFO - User resized screen
2021-01-15 14:29:23| knock_the_enemy: INFO - User resized screen
2021-01-15 14:29:23| knock_the_enemy: INFO - User resized screen
2021-01-15 14:29:23| knock_the_enemy: INFO - User resized screen
2021-01-15 14:29:23| knock_the_enemy: INFO - User resized screen
2021-01-15 14:29:23| knock_the_enemy: INFO - User resized screen
2021-01-15 14:29:23| knock_the_enemy: INFO - User resized screen
2021-01-15 14:29:23| knock_the_enemy: INFO - User resized screen
2021-01-15 14:29:23| knock_the_enemy: INFO - User resized screen
2021-01-15 14:29:23| knock_the_enemy: INFO - User resized screen
2021-01-15 14:29:23| knock_the_enemy: INFO - User resized screen
2021-01-15 14:29:23| knock_the_enemy: INFO - User resized screen
2021-01-15 14:29:23| knock_the_enemy: INFO - User resized screen
2021-01-15 14:29:27| knock_the_enemy: INFO - User resized screen
2021-01-15 14:29:27| knock_the_enemy: INFO - User resized screen
2021-01-15 14:29:27| knock_the_enemy: INFO - User resized screen
2021-01-15 14:29:27| knock_the_enemy: INFO - User resized screen
2021-01-15 14:29:27| knock_the_enemy: INFO - User resized screen
2021-01-15 14:29:27| knock_the_enemy: INFO - User resized screen
2021-01-15 14:29:27| knock_the_enemy: INFO - User resized screen
2021-01-15 14:29:27| knock_the_enemy: INFO - User resized screen
2021-01-15 14:29:27| knock_the_enemy: INFO - User resized screen
2021-01-15 14:29:27| knock_the_enemy: INFO - User resized screen
2021-01-15 14:29:27| knock_the_enemy: INFO - User resized screen
2021-01-15 14:29:27| knock_the_enemy: INFO - User resized screen
2021-01-15 14:29:27| knock_the_enemy: INFO - User resized screen
2021-01-15 14:29:27| knock_the_enemy: INFO - User resized screen
2021-01-15 14:29:27| knock_the_enemy: INFO - User resized screen
2021-01-15 14:29:27| knock_the_enemy: INFO - User resized screen
2021-01-15 14:29:27| knock_the_enemy: INFO - User resized screen
2021-01-15 14:29:27| knock_the_enemy: INFO - User resized screen
2021-01-15 14:29:27| knock_the_enemy: INFO - User resized screen
2021-01-15 14:29:27| knock_the_enemy: INFO - User resized screen
2021-01-15 14:29:27| knock_the_enemy: INFO - User resized screen
2021-01-15 14:29:27| knock_the_enemy: INFO - User resized screen
2021-01-15 14:29:27| knock_the_enemy: INFO - User resized screen
2021-01-15 14:29:27| knock_the_enemy: INFO - User resized screen
2021-01-15 14:29:27| knock_the_enemy: INFO - User resized screen
2021-01-15 14:29:27| knock_the_enemy: INFO - User resized screen
2021-01-15 14:29:28| knock_the_enemy: INFO - User resized screen
2021-01-15 14:29:28| knock_the_enemy: INFO - User resized screen
2021-01-15 14:29:28| knock_the_enemy: INFO - User resized screen
2021-01-15 14:29:28| knock_the_enemy: INFO - User resized screen
2021-01-15 14:29:28| knock_the_enemy: INFO - User resized screen
2021-01-15 14:29:28| knock_the_enemy: INFO - User resized screen
2021-01-15 14:29:28| knock_the_enemy: INFO - User resized screen
2021-01-15 14:29:28| knock_the_enemy: INFO - User resized screen
2021-01-15 14:29:28| knock_the_enemy: INFO - User resized screen
2021-01-15 14:29:28| knock_the_enemy: INFO - User resized screen
2021-01-15 14:29:28| knock_the_enemy: INFO - User resized screen
2021-01-15 14:29:28| knock_the_enemy: INFO - User resized screen
2021-01-15 14:29:28| knock_the_enemy: INFO - User resized screen
2021-01-15 14:29:28| knock_the_enemy: INFO - User resized screen
2021-01-15 14:29:28| knock_the_enemy: INFO - User resized screen
2021-01-15 14:29:28| knock_the_enemy: INFO - User resized screen
2021-01-15 14:29:28| knock_the_enemy: INFO - User resized screen
2021-01-15 14:29:28| knock_the_enemy: INFO - User resized screen
2021-01-15 14:29:28| knock_the_enemy: INFO - User resized screen
2021-01-15 14:29:28| knock_the_enemy: INFO - User resized screen
2021-01-15 14:29:28| knock_the_enemy: INFO - User resized screen
2021-01-15 14:29:28| knock_the_enemy: INFO - User resized screen
2021-01-15 14:29:28| knock_the_enemy: INFO - User resized screen
2021-01-15 14:29:28| knock_the_enemy: INFO - User resized screen
2021-01-15 14:29:28| knock_the_enemy: INFO - User resized screen
2021-01-15 14:29:28| knock_the_enemy: INFO - User resized screen
2021-01-15 14:29:28| knock_the_enemy: INFO - User resized screen
2021-01-15 14:29:28| knock_the_enemy: INFO - User resized screen
2021-01-15 14:29:28| knock_the_enemy: INFO - User resized screen
2021-01-15 14:29:28| knock_the_enemy: INFO - User resized screen
2021-01-15 14:29:28| knock_the_enemy: INFO - User resized screen
2021-01-15 14:29:28| knock_the_enemy: INFO - User resized screen
2021-01-15 14:29:28| knock_the_enemy: INFO - User resized screen
2021-01-15 14:29:28| knock_the_enemy: INFO - User resized screen
2021-01-15 14:29:28| knock_the_enemy: INFO - User resized screen
2021-01-15 14:29:29| knock_the_enemy: INFO - User resized screen
2021-01-15 14:29:29| knock_the_enemy: INFO - User resized screen
2021-01-15 14:29:29| knock_the_enemy: INFO - User resized screen
2021-01-15 14:29:29| knock_the_enemy: INFO - User resized screen
2021-01-15 14:29:29| knock_the_enemy: INFO - User resized screen
2021-01-15 14:29:29| knock_the_enemy: INFO - User resized screen
2021-01-15 14:29:29| knock_the_enemy: INFO - User resized screen
2021-01-15 14:29:29| knock_the_enemy: INFO - User resized screen
2021-01-15 14:29:29| knock_the_enemy: INFO - User resized screen
2021-01-15 14:29:29| knock_the_enemy: INFO - User resized screen
2021-01-15 14:29:29| knock_the_enemy: INFO - User resized screen
2021-01-15 14:29:29| knock_the_enemy: INFO - User resized screen
2021-01-15 14:29:29| knock_the_enemy: INFO - User resized screen
2021-01-15 14:29:29| knock_the_enemy: INFO - User resized screen
2021-01-15 14:29:29| knock_the_enemy: INFO - User resized screen
2021-01-15 14:29:29| knock_the_enemy: INFO - User resized screen
2021-01-15 14:29:29| knock_the_enemy: INFO - User resized screen
2021-01-15 14:29:29| knock_the_enemy: INFO - User resized screen
2021-01-15 14:29:29| knock_the_enemy: INFO - User resized screen
2021-01-15 14:29:29| knock_the_enemy: INFO - User resized screen
2021-01-15 14:29:29| knock_the_enemy: INFO - User resized screen
2021-01-15 14:29:29| knock_the_enemy: INFO - User resized screen
2021-01-15 14:29:29| knock_the_enemy: INFO - User resized screen
2021-01-15 14:29:29| knock_the_enemy: INFO - User resized screen
2021-01-15 14:29:29| knock_the_enemy: INFO - User resized screen
2021-01-15 14:29:29| knock_the_enemy: INFO - User resized screen
2021-01-15 14:29:29| knock_the_enemy: INFO - User resized screen
2021-01-15 14:29:29| knock_the_enemy: INFO - User resized screen
2021-01-15 14:29:29| knock_the_enemy: INFO - User resized screen
2021-01-15 14:29:29| knock_the_enemy: INFO - User resized screen
2021-01-15 14:29:29| knock_the_enemy: INFO - User resized screen
2021-01-15 14:29:29| knock_the_enemy: INFO - User resized screen
2021-01-15 14:29:29| knock_the_enemy: INFO - User resized screen
2021-01-15 14:29:29| knock_the_enemy: INFO - User resized screen
2021-01-15 14:29:29| knock_the_enemy: INFO - User resized screen
2021-01-15 14:29:29| knock_the_enemy: INFO - User resized screen
2021-01-15 14:29:29| knock_the_enemy: INFO - User resized screen
2021-01-15 14:29:29| knock_the_enemy: INFO - User resized screen
2021-01-15 14:29:29| knock_the_enemy: INFO - User resized screen
2021-01-15 14:29:29| knock_the_enemy: INFO - User resized screen
2021-01-15 14:29:29| knock_the_enemy: INFO - User resized screen
2021-01-15 14:29:29| knock_the_enemy: INFO - User resized screen
2021-01-15 14:29:29| knock_the_enemy: INFO - User resized screen
2021-01-15 14:29:30| knock_the_enemy: INFO - User resized screen
2021-01-15 14:29:30| knock_the_enemy: INFO - User resized screen
2021-01-15 14:29:30| knock_the_enemy: INFO - User resized screen
2021-01-15 14:29:30| knock_the_enemy: INFO - User resized screen
2021-01-15 14:29:30| knock_the_enemy: INFO - User resized screen
2021-01-15 14:29:30| knock_the_enemy: INFO - User resized screen
2021-01-15 14:29:30| knock_the_enemy: INFO - User resized screen
2021-01-15 14:29:30| knock_the_enemy: INFO - User resized screen
2021-01-15 14:29:30| knock_the_enemy: INFO - User resized screen
2021-01-15 14:29:30| knock_the_enemy: INFO - User resized screen
2021-01-15 14:29:30| knock_the_enemy: INFO - User resized screen
2021-01-15 14:29:30| knock_the_enemy: INFO - User resized screen
2021-01-15 14:29:30| knock_the_enemy: INFO - User resized screen
2021-01-15 14:29:30| knock_the_enemy: INFO - User resized screen
2021-01-15 14:29:30| knock_the_enemy: INFO - User resized screen
2021-01-15 14:29:30| knock_the_enemy: INFO - User resized screen
2021-01-15 14:29:30| knock_the_enemy: INFO - User resized screen
2021-01-15 14:29:30| knock_the_enemy: INFO - User resized screen
2021-01-15 14:29:30| knock_the_enemy: INFO - User resized screen
2021-01-15 14:29:30| knock_the_enemy: INFO - User resized screen
2021-01-15 14:29:30| knock_the_enemy: INFO - User resized screen
2021-01-15 14:29:30| knock_the_enemy: INFO - User resized screen
2021-01-15 14:29:30| knock_the_enemy: INFO - User resized screen
2021-01-15 14:29:31| knock_the_enemy: INFO - User resized screen
2021-01-15 14:29:31| knock_the_enemy: INFO - User resized screen
2021-01-15 14:29:31| knock_the_enemy: INFO - User resized screen
2021-01-15 14:29:31| knock_the_enemy: INFO - User resized screen
2021-01-15 14:29:31| knock_the_enemy: INFO - User resized screen
2021-01-15 14:29:31| knock_the_enemy: INFO - User resized screen
2021-01-15 14:29:31| knock_the_enemy: INFO - User resized screen
2021-01-15 14:29:31| knock_the_enemy: INFO - User resized screen
2021-01-15 14:29:31| knock_the_enemy: INFO - User resized screen
2021-01-15 14:29:31| knock_the_enemy: INFO - User resized screen
2021-01-15 14:29:31| knock_the_enemy: INFO - User resized screen
2021-01-15 14:29:31| knock_the_enemy: INFO - User resized screen
2021-01-15 14:29:31| knock_the_enemy: INFO - User resized screen
2021-01-15 14:29:31| knock_the_enemy: INFO - User resized screen
2021-01-15 14:29:31| knock_the_enemy: INFO - User resized screen
2021-01-15 14:29:31| knock_the_enemy: INFO - User resized screen
2021-01-15 14:29:31| knock_the_enemy: INFO - User resized screen
2021-01-15 14:29:31| knock_the_enemy: INFO - User resized screen
2021-01-15 14:29:31| knock_the_enemy: INFO - User resized screen
2021-01-15 14:29:31| knock_the_enemy: INFO - User resized screen
2021-01-15 14:29:31| knock_the_enemy: INFO - User resized screen
2021-01-15 14:29:31| knock_the_enemy: INFO - User resized screen
2021-01-15 14:29:31| knock_the_enemy: INFO - User resized screen
2021-01-15 14:29:31| knock_the_enemy: INFO - User resized screen
2021-01-15 14:29:31| knock_the_enemy: INFO - User resized screen
2021-01-15 14:29:31| knock_the_enemy: INFO - User resized screen
2021-01-15 14:29:31| knock_the_enemy: INFO - User resized screen
2021-01-15 14:29:32| knock_the_enemy: INFO - User resized screen
2021-01-15 14:29:32| knock_the_enemy: INFO - User resized screen
2021-01-15 14:29:32| knock_the_enemy: INFO - User resized screen
2021-01-15 14:29:32| knock_the_enemy: INFO - User resized screen
2021-01-15 14:29:32| knock_the_enemy: INFO - User resized screen
2021-01-15 14:29:32| knock_the_enemy: INFO - User resized screen
2021-01-15 14:29:32| knock_the_enemy: INFO - User resized screen
2021-01-15 14:29:32| knock_the_enemy: INFO - User resized screen
2021-01-15 14:29:32| knock_the_enemy: INFO - User resized screen
2021-01-15 14:29:32| knock_the_enemy: INFO - User resized screen
2021-01-15 14:29:32| knock_the_enemy: INFO - User resized screen
2021-01-15 14:29:32| knock_the_enemy: INFO - User resized screen
2021-01-15 14:29:32| knock_the_enemy: INFO - User resized screen
2021-01-15 14:29:32| wgpu_glyph: WARN - Increasing glyph texture size (512, 512) -> (1024, 1024). Consider building with `.initial_cache_size((1024, 1024))` to avoid resizing
2021-01-15 14:29:32| knock_the_enemy: INFO - User resized screen
2021-01-15 14:29:32| knock_the_enemy: INFO - User resized screen
2021-01-15 14:29:32| knock_the_enemy: INFO - User resized screen
2021-01-15 14:29:32| knock_the_enemy: INFO - User resized screen
2021-01-15 14:29:33| knock_the_enemy: INFO - User resized screen
2021-01-15 14:29:34| knock_the_enemy: INFO - User resized screen
2021-01-15 14:29:35| knock_the_enemy: INFO - User resized screen
2021-01-15 14:29:37| knock_the_enemy: INFO - User resized screen
2021-01-15 14:29:37| knock_the_enemy: INFO - User resized screen
2021-01-15 14:29:37| knock_the_enemy: INFO - User resized screen
2021-01-15 14:29:37| knock_the_enemy: INFO - User resized screen
2021-01-15 14:29:37| knock_the_enemy: INFO - User resized screen
2021-01-15 14:29:37| knock_the_enemy: INFO - User resized screen
2021-01-15 14:29:37| knock_the_enemy: INFO - User resized screen
2021-01-15 14:29:37| knock_the_enemy: INFO - User resized screen
2021-01-15 14:29:37| knock_the_enemy: INFO - User resized screen
2021-01-15 14:29:37| knock_the_enemy: INFO - User resized screen
2021-01-15 14:29:37| knock_the_enemy: INFO - User resized screen
2021-01-15 14:29:37| knock_the_enemy: INFO - User resized screen
2021-01-15 14:29:38| knock_the_enemy: INFO - User resized screen
2021-01-15 14:29:38| knock_the_enemy: INFO - User resized screen
2021-01-15 14:29:38| knock_the_enemy: INFO - User resized screen
2021-01-15 14:29:38| knock_the_enemy: INFO - User resized screen
2021-01-15 14:29:38| knock_the_enemy: INFO - User resized screen
2021-01-15 14:29:38| knock_the_enemy: INFO - User resized screen
2021-01-15 14:29:38| knock_the_enemy: INFO - User resized screen
2021-01-15 14:29:38| knock_the_enemy: INFO - User resized screen
2021-01-15 14:29:38| knock_the_enemy: INFO - User resized screen
2021-01-15 14:29:38| knock_the_enemy: INFO - User resized screen
2021-01-15 14:29:38| knock_the_enemy: INFO - User resized screen
2021-01-15 14:29:38| knock_the_enemy: INFO - User resized screen
2021-01-15 14:29:38| knock_the_enemy: INFO - User resized screen
2021-01-15 14:29:38| knock_the_enemy: INFO - User resized screen
2021-01-15 14:29:38| knock_the_enemy: INFO - User resized screen
2021-01-15 14:29:38| knock_the_enemy: INFO - User resized screen
2021-01-15 14:29:38| knock_the_enemy: INFO - User resized screen
2021-01-15 14:29:38| knock_the_enemy: INFO - User resized screen
2021-01-15 14:29:38| knock_the_enemy: INFO - User resized screen
2021-01-15 14:29:38| knock_the_enemy: INFO - User resized screen
2021-01-15 14:29:38| knock_the_enemy: INFO - User resized screen
2021-01-15 14:29:39| knock_the_enemy: INFO - User resized screen
2021-01-15 14:29:39| knock_the_enemy: INFO - User resized screen
2021-01-15 14:29:39| knock_the_enemy: INFO - User resized screen
2021-01-15 14:29:39| knock_the_enemy: INFO - User resized screen
2021-01-15 14:29:39| knock_the_enemy: INFO - User resized screen
2021-01-15 14:29:39| knock_the_enemy: INFO - User resized screen
2021-01-15 14:29:39| knock_the_enemy: INFO - User resized screen
2021-01-15 14:29:39| knock_the_enemy: INFO - User resized screen
2021-01-15 14:29:39| knock_the_enemy: INFO - User resized screen
2021-01-15 14:29:39| knock_the_enemy: INFO - User resized screen
2021-01-15 14:29:39| knock_the_enemy: INFO - User resized screen
2021-01-15 14:29:39| knock_the_enemy: INFO - User resized screen
2021-01-15 14:29:39| knock_the_enemy: INFO - User resized screen
2021-01-15 14:29:41| knock_the_enemy: INFO - User resized screen
2021-01-15 14:29:41| knock_the_enemy: INFO - User resized screen
2021-01-15 14:29:41| knock_the_enemy: INFO - User resized screen
2021-01-15 14:29:41| knock_the_enemy: INFO - User resized screen
2021-01-15 14:29:41| knock_the_enemy: INFO - User resized screen
2021-01-15 14:29:41| knock_the_enemy: INFO - User resized screen
2021-01-15 14:29:41| knock_the_enemy: INFO - User resized screen
2021-01-15 14:29:41| knock_the_enemy: INFO - User resized screen
2021-01-15 14:29:41| knock_the_enemy: INFO - User resized screen
2021-01-15 14:29:41| knock_the_enemy: INFO - User resized screen
2021-01-15 14:29:41| knock_the_enemy: INFO - User resized screen
2021-01-15 14:29:41| knock_the_enemy: INFO - User resized screen
2021-01-15 14:29:41| knock_the_enemy: INFO - User resized screen
2021-01-15 14:29:41| knock_the_enemy: INFO - User resized screen
2021-01-15 14:29:41| knock_the_enemy: INFO - User resized screen
2021-01-15 14:29:41| knock_the_enemy: INFO - User resized screen
2021-01-15 14:29:41| knock_the_enemy: INFO - User resized screen
2021-01-15 14:29:41| knock_the_enemy: INFO - User resized screen
2021-01-15 14:29:41| knock_the_enemy: INFO - User resized screen
2021-01-15 14:29:41| knock_the_enemy: INFO - User resized screen
2021-01-15 14:29:41| knock_the_enemy: INFO - User resized screen
2021-01-15 14:29:41| knock_the_enemy: INFO - User resized screen
2021-01-15 14:29:41| knock_the_enemy: INFO - User resized screen
2021-01-15 14:29:42| knock_the_enemy: INFO - User resized screen
2021-01-15 14:29:42| knock_the_enemy: INFO - User resized screen
2021-01-15 14:29:42| knock_the_enemy: INFO - User resized screen
2021-01-15 14:29:42| knock_the_enemy: INFO - User resized screen
2021-01-15 14:29:42| knock_the_enemy: INFO - User resized screen
2021-01-15 14:29:42| knock_the_enemy: INFO - User resized screen
2021-01-15 14:29:42| knock_the_enemy: INFO - User resized screen
2021-01-15 14:29:42| knock_the_enemy: INFO - User resized screen
2021-01-15 14:29:42| knock_the_enemy: INFO - User resized screen
2021-01-15 14:29:42| knock_the_enemy: INFO - User resized screen
2021-01-15 14:29:42| knock_the_enemy: INFO - User resized screen
2021-01-15 14:29:42| knock_the_enemy: INFO - User resized screen
2021-01-15 14:29:42| knock_the_enemy: INFO - User resized screen
2021-01-15 14:29:42| knock_the_enemy: INFO - User resized screen
2021-01-15 14:29:42| knock_the_enemy: INFO - User resized screen
2021-01-15 14:29:42| knock_the_enemy: INFO - User resized screen
2021-01-15 14:29:42| knock_the_enemy: INFO - User resized screen
2021-01-15 14:29:42| knock_the_enemy: INFO - User resized screen
2021-01-15 14:29:42| knock_the_enemy: INFO - User resized screen
2021-01-15 14:29:42| knock_the_enemy: INFO - User resized screen
2021-01-15 14:29:42| knock_the_enemy: INFO - User resized screen
2021-01-15 14:29:42| knock_the_enemy: INFO - User resized screen
2021-01-15 14:29:42| knock_the_enemy: INFO - User resized screen
2021-01-15 14:29:42| knock_the_enemy: INFO - User resized screen
2021-01-15 14:29:43| knock_the_enemy: INFO - User resized screen
2021-01-15 14:29:43| knock_the_enemy: INFO - User resized screen
2021-01-15 14:29:43| knock_the_enemy: INFO - User resized screen
2021-01-15 14:29:43| knock_the_enemy: INFO - User resized screen
2021-01-15 14:29:43| knock_the_enemy: INFO - User resized screen
2021-01-15 14:29:43| knock_the_enemy: INFO - User resized screen
2021-01-15 14:29:43| knock_the_enemy: INFO - User resized screen
2021-01-15 14:29:43| knock_the_enemy: INFO - User resized screen
2021-01-15 14:29:43| knock_the_enemy: INFO - User resized screen
2021-01-15 14:29:43| knock_the_enemy: INFO - User resized screen
2021-01-15 14:29:43| knock_the_enemy: INFO - User resized screen
2021-01-15 14:29:43| knock_the_enemy: INFO - User resized screen
2021-01-15 14:29:43| knock_the_enemy: INFO - User resized screen
2021-01-15 14:29:43| knock_the_enemy: INFO - User resized screen
2021-01-15 14:29:43| knock_the_enemy: INFO - User resized screen
2021-01-15 14:29:43| knock_the_enemy: INFO - User resized screen
2021-01-15 14:29:43| knock_the_enemy: INFO - User resized screen
2021-01-15 14:29:43| knock_the_enemy: INFO - User resized screen
2021-01-15 14:29:43| knock_the_enemy: INFO - User resized screen
2021-01-15 14:29:43| knock_the_enemy: INFO - User resized screen
2021-01-15 14:29:43| knock_the_enemy: INFO - User resized screen
2021-01-15 14:29:45| knock_the_enemy: INFO - User resized screen
2021-01-15 14:29:45| knock_the_enemy: INFO - User resized screen
2021-01-15 14:29:45| knock_the_enemy: INFO - User resized screen
2021-01-15 14:29:45| knock_the_enemy: INFO - User resized screen
2021-01-15 14:29:45| knock_the_enemy: INFO - User resized screen
2021-01-15 14:29:45| knock_the_enemy: INFO - User resized screen
2021-01-15 14:29:45| knock_the_enemy: INFO - User resized screen
2021-01-15 14:29:45| knock_the_enemy: INFO - User resized screen
2021-01-15 14:29:45| knock_the_enemy: INFO - User resized screen
2021-01-15 14:29:45| knock_the_enemy: INFO - User resized screen
2021-01-15 14:29:45| knock_the_enemy: INFO - User resized screen
2021-01-15 14:29:46| knock_the_enemy: INFO - User resized screen
2021-01-15 14:29:46| knock_the_enemy: INFO - User resized screen
2021-01-15 14:29:46| knock_the_enemy: INFO - User resized screen
2021-01-15 14:29:46| knock_the_enemy: INFO - User resized screen
2021-01-15 14:29:46| knock_the_enemy: INFO - User resized screen
2021-01-15 14:29:46| knock_the_enemy: INFO - User resized screen
2021-01-15 14:29:46| knock_the_enemy: INFO - User resized screen
2021-01-15 14:29:46| knock_the_enemy: INFO - User resized screen
2021-01-15 14:29:46| knock_the_enemy: INFO - User resized screen
2021-01-15 14:29:46| knock_the_enemy: INFO - User resized screen
2021-01-15 14:29:46| knock_the_enemy: INFO - User resized screen
2021-01-15 14:29:46| knock_the_enemy: INFO - User resized screen
2021-01-15 14:29:46| knock_the_enemy: INFO - User resized screen
2021-01-15 14:29:46| knock_the_enemy: INFO - User resized screen
2021-01-15 14:29:46| knock_the_enemy: INFO - User resized screen
2021-01-15 14:29:46| knock_the_enemy: INFO - User resized screen
2021-01-15 14:29:46| knock_the_enemy: INFO - User resized screen
2021-01-15 14:29:46| knock_the_enemy: INFO - User resized screen
2021-01-15 14:29:46| knock_the_enemy: INFO - User resized screen
2021-01-15 14:29:46| knock_the_enemy: INFO - User resized screen
2021-01-15 14:29:46| knock_the_enemy: INFO - User resized screen
2021-01-15 14:29:46| knock_the_enemy: INFO - User resized screen
2021-01-15 14:29:46| knock_the_enemy: INFO - User resized screen
2021-01-15 14:29:46| knock_the_enemy: INFO - User resized screen
2021-01-15 14:29:46| knock_the_enemy: INFO - User resized screen
2021-01-15 14:29:47| knock_the_enemy: INFO - User resized screen
2021-01-15 14:29:47| knock_the_enemy: INFO - User resized screen
2021-01-15 14:29:47| knock_the_enemy: INFO - User resized screen
2021-01-15 14:29:47| knock_the_enemy: INFO - User resized screen
2021-01-15 14:29:47| knock_the_enemy: INFO - User resized screen
2021-01-15 14:29:47| knock_the_enemy: INFO - User resized screen
2021-01-15 14:29:47| knock_the_enemy: INFO - User resized screen
2021-01-15 14:29:47| knock_the_enemy: INFO - User resized screen
2021-01-15 14:29:47| knock_the_enemy: INFO - User resized screen
2021-01-15 14:29:47| knock_the_enemy: INFO - User resized screen
2021-01-15 14:29:47| knock_the_enemy: INFO - User resized screen
2021-01-15 14:29:47| knock_the_enemy: INFO - User resized screen
2021-01-15 14:29:47| knock_the_enemy: INFO - User resized screen
2021-01-15 14:29:47| knock_the_enemy: INFO - User resized screen
2021-01-15 14:29:47| knock_the_enemy: INFO - User resized screen
2021-01-15 14:29:47| knock_the_enemy: INFO - User resized screen
2021-01-15 14:29:47| knock_the_enemy: INFO - User resized screen
2021-01-15 14:29:47| knock_the_enemy: INFO - User resized screen
2021-01-15 14:29:47| knock_the_enemy: INFO - User resized screen
2021-01-15 14:29:47| knock_the_enemy: INFO - User resized screen
2021-01-15 14:29:47| knock_the_enemy: INFO - User resized screen
2021-01-15 14:29:47| knock_the_enemy: INFO - User resized screen
2021-01-15 14:29:47| knock_the_enemy: INFO - User resized screen
2021-01-15 14:29:47| knock_the_enemy: INFO - User resized screen
2021-01-15 14:29:48| knock_the_enemy: INFO - User resized screen
2021-01-15 14:29:48| knock_the_enemy: INFO - User resized screen
2021-01-15 14:29:48| knock_the_enemy: INFO - User resized screen
2021-01-15 14:29:48| knock_the_enemy: INFO - User resized screen
2021-01-15 14:29:48| knock_the_enemy: INFO - User resized screen
2021-01-15 14:29:48| knock_the_enemy: INFO - User resized screen
2021-01-15 14:29:59| knock_the_enemy: INFO - User resized screen
2021-01-15 14:30:01| knock_the_enemy: INFO - User resized screen
2021-01-15 14:30:02| knock_the_enemy: INFO - User resized screen
2021-01-15 14:30:02| knock_the_enemy: INFO - User resized screen
2021-01-15 14:30:02| knock_the_enemy: INFO - User resized screen
2021-01-15 14:30:02| knock_the_enemy: INFO - User resized screen
2021-01-15 14:30:02| knock_the_enemy: INFO - User resized screen
2021-01-15 14:30:02| knock_the_enemy: INFO - User resized screen
2021-01-15 14:30:02| knock_the_enemy: INFO - User resized screen
2021-01-15 14:30:02| knock_the_enemy: INFO - User resized screen
2021-01-15 14:30:02| knock_the_enemy: INFO - User resized screen
2021-01-15 14:30:02| knock_the_enemy: INFO - User resized screen
2021-01-15 14:30:02| knock_the_enemy: INFO - User resized screen
2021-01-15 14:30:02| knock_the_enemy: INFO - User resized screen
2021-01-15 14:30:02| knock_the_enemy: INFO - User resized screen
2021-01-15 14:30:02| knock_the_enemy: INFO - User resized screen
2021-01-15 14:30:02| knock_the_enemy: INFO - User resized screen
2021-01-15 14:30:02| knock_the_enemy: INFO - User resized screen
2021-01-15 14:30:02| knock_the_enemy: INFO - User resized screen
2021-01-15 14:30:02| knock_the_enemy: INFO - User resized screen
2021-01-15 14:30:02| knock_the_enemy: INFO - User resized screen
2021-01-15 14:30:02| knock_the_enemy: INFO - User resized screen
2021-01-15 14:30:02| knock_the_enemy: INFO - User resized screen
2021-01-15 14:30:03| knock_the_enemy: INFO - User resized screen
2021-01-15 14:30:03| knock_the_enemy: INFO - User resized screen
2021-01-15 14:30:03| knock_the_enemy: INFO - User resized screen
2021-01-15 14:30:03| knock_the_enemy: INFO - User resized screen
2021-01-15 14:30:03| knock_the_enemy: INFO - User resized screen
2021-01-15 14:30:03| knock_the_enemy: INFO - User resized screen
2021-01-15 14:30:03| knock_the_enemy: INFO - User resized screen
2021-01-15 14:30:03| knock_the_enemy: INFO - User resized screen
2021-01-15 14:30:03| knock_the_enemy: INFO - User resized screen
2021-01-15 14:30:03| knock_the_enemy: INFO - User resized screen
2021-01-15 14:30:03| knock_the_enemy: INFO - User resized screen
2021-01-15 14:30:03| knock_the_enemy: INFO - User resized screen
2021-01-15 14:30:03| knock_the_enemy: INFO - User resized screen
2021-01-15 14:30:03| knock_the_enemy: INFO - User resized screen
2021-01-15 14:30:03| knock_the_enemy: INFO - User resized screen
2021-01-15 14:30:03| knock_the_enemy: INFO - User resized screen
2021-01-15 14:30:03| knock_the_enemy: INFO - User resized screen
2021-01-15 14:30:03| knock_the_enemy: INFO - User resized screen
2021-01-15 14:30:03| knock_the_enemy: INFO - User resized screen
2021-01-15 14:30:03| knock_the_enemy: INFO - User resized screen
2021-01-15 14:30:03| knock_the_enemy: INFO - User resized screen
2021-01-15 14:30:03| knock_the_enemy: INFO - User resized screen
2021-01-15 14:30:03| knock_the_enemy: INFO - User resized screen
2021-01-15 14:30:03| knock_the_enemy: INFO - User resized screen
2021-01-15 14:30:03| knock_the_enemy: INFO - User resized screen
2021-01-15 14:30:03| knock_the_enemy: INFO - User resized screen
2021-01-15 14:30:03| knock_the_enemy: INFO - User resized screen
2021-01-15 14:30:03| knock_the_enemy: INFO - User resized screen
2021-01-15 14:30:03| knock_the_enemy: INFO - User resized screen
2021-01-15 14:30:03| knock_the_enemy: INFO - User resized screen
2021-01-15 14:30:03| knock_the_enemy: INFO - User resized screen
2021-01-15 14:30:03| knock_the_enemy: INFO - User resized screen
2021-01-15 14:30:03| knock_the_enemy: INFO - User resized screen
2021-01-15 14:30:03| knock_the_enemy: INFO - User resized screen
2021-01-15 14:30:03| knock_the_enemy: INFO - User resized screen
2021-01-15 14:30:04| knock_the_enemy: INFO - User resized screen
2021-01-15 14:30:04| knock_the_enemy: INFO - User resized screen
2021-01-15 14:30:04| knock_the_enemy: INFO - User resized screen
2021-01-15 14:30:04| knock_the_enemy: INFO - User resized screen
2021-01-15 14:30:04| knock_the_enemy: INFO - User resized screen
2021-01-15 14:30:04| knock_the_enemy: INFO - User resized screen
2021-01-15 14:30:04| knock_the_enemy: INFO - User resized screen
2021-01-15 14:30:04| knock_the_enemy: INFO - User resized screen
2021-01-15 14:30:04| knock_the_enemy: INFO - User resized screen
2021-01-15 14:30:04| knock_the_enemy: INFO - User resized screen
2021-01-15 14:30:04| knock_the_enemy: INFO - User resized screen
2021-01-15 14:30:04| knock_the_enemy: INFO - User resized screen
2021-01-15 14:30:04| knock_the_enemy: INFO - User resized screen
2021-01-15 14:30:04| knock_the_enemy: INFO - User resized screen
2021-01-15 14:30:04| knock_the_enemy: INFO - User resized screen
2021-01-15 14:30:04| knock_the_enemy: INFO - User resized screen
2021-01-15 14:30:04| knock_the_enemy: INFO - User resized screen
2021-01-15 14:30:04| knock_the_enemy: INFO - User resized screen
2021-01-15 14:30:04| knock_the_enemy: INFO - User resized screen
2021-01-15 14:30:04| knock_the_enemy: INFO - User resized screen
2021-01-15 14:30:04| knock_the_enemy: INFO - User resized screen
2021-01-15 14:30:04| knock_the_enemy: INFO - User resized screen
2021-01-15 14:30:04| knock_the_enemy: INFO - User resized screen
2021-01-15 14:30:04| knock_the_enemy: INFO - User resized screen
2021-01-15 14:30:04| knock_the_enemy: INFO - User resized screen
2021-01-15 14:30:04| knock_the_enemy: INFO - User resized screen
2021-01-15 14:30:04| knock_the_enemy: INFO - User resized screen
2021-01-15 14:30:04| knock_the_enemy: INFO - User resized screen
2021-01-15 14:30:04| knock_the_enemy: INFO - User resized screen
2021-01-15 14:30:04| knock_the_enemy: INFO - User resized screen
2021-01-15 14:30:05| knock_the_enemy: INFO - User resized screen
2021-01-15 14:30:05| knock_the_enemy: INFO - User resized screen
2021-01-15 14:30:05| knock_the_enemy: INFO - User resized screen
2021-01-15 14:30:05| knock_the_enemy: INFO - User resized screen
2021-01-15 14:30:05| knock_the_enemy: INFO - User resized screen
2021-01-15 14:30:06| knock_the_enemy: INFO - User resized screen
2021-01-15 14:30:06| knock_the_enemy: INFO - User resized screen
2021-01-15 14:30:06| knock_the_enemy: INFO - User resized screen
2021-01-15 14:30:06| knock_the_enemy: INFO - User resized screen
2021-01-15 14:30:06| knock_the_enemy: INFO - User resized screen
2021-01-15 14:30:07| knock_the_enemy: INFO - User resized screen
2021-01-15 14:30:07| knock_the_enemy: INFO - User resized screen
2021-01-15 14:30:07| knock_the_enemy: INFO - User resized screen
2021-01-15 14:30:07| knock_the_enemy: INFO - User resized screen
2021-01-15 14:30:07| knock_the_enemy: INFO - User resized screen
2021-01-15 14:30:07| knock_the_enemy: INFO - User resized screen
2021-01-15 14:30:07| knock_the_enemy: INFO - User resized screen
2021-01-15 14:30:07| knock_the_enemy: INFO - User resized screen
2021-01-15 14:30:07| knock_the_enemy: INFO - User resized screen
2021-01-15 14:30:07| knock_the_enemy: INFO - User resized screen
2021-01-15 14:30:07| knock_the_enemy: INFO - User resized screen
2021-01-15 14:30:07| knock_the_enemy: INFO - User resized screen
2021-01-15 14:30:07| knock_the_enemy: INFO - User resized screen
2021-01-15 14:30:07| knock_the_enemy: INFO - User resized screen
2021-01-15 14:30:07| knock_the_enemy: INFO - User resized screen
2021-01-15 14:30:07| knock_the_enemy: INFO - User resized screen
2021-01-15 14:30:07| knock_the_enemy: INFO - User resized screen
2021-01-15 14:30:07| knock_the_enemy: INFO - User resized screen
2021-01-15 14:30:07| knock_the_enemy: INFO - User resized screen
2021-01-15 14:30:07| knock_the_enemy: INFO - User resized screen
2021-01-15 14:30:07| knock_the_enemy: INFO - User resized screen
2021-01-15 14:30:07| knock_the_enemy: INFO - User resized screen
2021-01-15 14:30:07| knock_the_enemy: INFO - User resized screen
2021-01-15 14:30:07| knock_the_enemy: INFO - User resized screen
2021-01-15 14:30:07| knock_the_enemy: INFO - User resized screen
2021-01-15 14:30:07| knock_the_enemy: INFO - User resized screen
2021-01-15 14:30:07| knock_the_enemy: INFO - User resized screen
2021-01-15 14:30:07| knock_the_enemy: INFO - User resized screen
2021-01-15 14:30:07| knock_the_enemy: INFO - User resized screen
2021-01-15 14:30:07| knock_the_enemy: INFO - User resized screen
2021-01-15 14:30:08| knock_the_enemy: INFO - User resized screen
2021-01-15 14:30:08| knock_the_enemy: INFO - User resized screen
2021-01-15 14:30:08| knock_the_enemy: INFO - User resized screen
2021-01-15 14:30:08| knock_the_enemy: INFO - User resized screen
2021-01-15 14:30:08| knock_the_enemy: INFO - User resized screen
2021-01-15 14:30:08| knock_the_enemy: INFO - User resized screen
2021-01-15 14:30:08| knock_the_enemy: INFO - User resized screen
2021-01-15 14:30:08| knock_the_enemy: INFO - User resized screen
2021-01-15 14:30:08| knock_the_enemy: INFO - User resized screen
2021-01-15 14:30:08| knock_the_enemy: INFO - User resized screen
2021-01-15 14:30:08| knock_the_enemy: INFO - User resized screen
2021-01-15 14:30:08| knock_the_enemy: INFO - User resized screen
2021-01-15 14:30:08| knock_the_enemy: INFO - User resized screen
2021-01-15 14:30:08| knock_the_enemy: INFO - User resized screen
2021-01-15 14:30:08| knock_the_enemy: INFO - User resized screen
2021-01-15 14:30:08| knock_the_enemy: INFO - User resized screen
2021-01-15 14:30:08| knock_the_enemy: INFO - User resized screen
2021-01-15 14:30:08| knock_the_enemy: INFO - User resized screen
2021-01-15 14:30:08| knock_the_enemy: INFO - User resized screen
2021-01-15 14:30:08| knock_the_enemy: INFO - User resized screen
2021-01-15 14:30:08| knock_the_enemy: INFO - User resized screen
2021-01-15 14:30:08| knock_the_enemy: INFO - User resized screen
2021-01-15 14:30:08| knock_the_enemy: INFO - User resized screen
2021-01-15 14:30:08| knock_the_enemy: INFO - User resized screen
2021-01-15 14:30:08| knock_the_enemy: INFO - User resized screen
2021-01-15 14:30:08| knock_the_enemy: INFO - User resized screen
2021-01-15 14:30:08| knock_the_enemy: INFO - User resized screen
2021-01-15 14:30:08| knock_the_enemy: INFO - User resized screen
2021-01-15 14:30:08| knock_the_enemy: INFO - User resized screen
2021-01-15 14:30:08| knock_the_enemy: INFO - User resized screen
2021-01-15 14:30:08| knock_the_enemy: INFO - User resized screen
2021-01-15 14:30:09| knock_the_enemy: INFO - User resized screen
2021-01-15 14:30:09| knock_the_enemy: INFO - User resized screen
2021-01-15 14:30:09| knock_the_enemy: INFO - User resized screen
2021-01-15 14:30:09| knock_the_enemy: INFO - User resized screen
2021-01-15 14:30:09| knock_the_enemy: INFO - User resized screen
2021-01-15 14:30:09| knock_the_enemy: INFO - User resized screen
2021-01-15 14:30:09| knock_the_enemy: INFO - User resized screen
2021-01-15 14:30:09| knock_the_enemy: INFO - User resized screen
2021-01-15 14:30:09| knock_the_enemy: INFO - User resized screen
2021-01-15 14:30:09| knock_the_enemy: INFO - User resized screen
2021-01-15 14:30:09| knock_the_enemy: INFO - User resized screen
2021-01-15 14:30:09| knock_the_enemy: INFO - User resized screen
2021-01-15 14:30:10| knock_the_enemy: INFO - User resized screen
2021-01-15 14:30:10| knock_the_enemy: INFO - User resized screen
2021-01-15 14:30:10| knock_the_enemy: INFO - User resized screen
2021-01-15 14:30:10| knock_the_enemy: INFO - User resized screen
2021-01-15 14:30:10| knock_the_enemy: INFO - User resized screen
2021-01-15 14:30:10| knock_the_enemy: INFO - User resized screen
2021-01-15 14:30:10| knock_the_enemy: INFO - User resized screen
2021-01-15 14:30:10| knock_the_enemy: INFO - User resized screen
2021-01-15 14:30:10| knock_the_enemy: INFO - User resized screen
2021-01-15 14:30:10| knock_the_enemy: INFO - User resized screen
2021-01-15 14:30:10| knock_the_enemy: INFO - User resized screen
2021-01-15 14:30:10| knock_the_enemy: INFO - User resized screen
2021-01-15 14:30:10| knock_the_enemy: INFO - User resized screen
2021-01-15 14:30:10| knock_the_enemy: INFO - User resized screen
2021-01-15 14:30:10| knock_the_enemy: INFO - User resized screen
2021-01-15 14:30:10| knock_the_enemy: INFO - User resized screen
2021-01-15 14:30:10| knock_the_enemy: INFO - User resized screen
2021-01-15 14:30:10| knock_the_enemy: INFO - User resized screen
2021-01-15 14:30:10| knock_the_enemy: INFO - User resized screen
2021-01-15 14:30:10| knock_the_enemy: INFO - User resized screen
2021-01-15 14:30:10| knock_the_enemy: INFO - User resized screen
2021-01-15 14:30:10| knock_the_enemy: INFO - User resized screen
2021-01-15 14:30:10| knock_the_enemy: INFO - User resized screen
2021-01-15 14:30:10| knock_the_enemy: INFO - User resized screen
2021-01-15 14:30:10| knock_the_enemy: INFO - User resized screen
2021-01-15 14:30:10| knock_the_enemy: INFO - User resized screen
2021-01-15 14:30:10| knock_the_enemy: INFO - User resized screen
2021-01-15 14:30:10| knock_the_enemy: INFO - User resized screen
2021-01-15 14:30:11| knock_the_enemy: INFO - User resized screen
2021-01-15 14:30:11| knock_the_enemy: INFO - User resized screen
2021-01-15 14:30:11| knock_the_enemy: INFO - User resized screen
2021-01-15 14:30:11| knock_the_enemy: INFO - User resized screen
2021-01-15 14:30:11| knock_the_enemy: INFO - User resized screen
2021-01-15 14:30:11| knock_the_enemy: INFO - User resized screen
2021-01-15 14:30:11| knock_the_enemy: INFO - User resized screen
2021-01-15 14:30:11| knock_the_enemy: INFO - User resized screen
2021-01-15 14:30:11| knock_the_enemy: INFO - User resized screen
2021-01-15 14:30:11| knock_the_enemy: INFO - User resized screen
2021-01-15 14:30:11| knock_the_enemy: INFO - User resized screen
2021-01-15 14:30:11| knock_the_enemy: INFO - User resized screen
2021-01-15 14:30:11| knock_the_enemy: INFO - User resized screen
2021-01-15 14:30:11| knock_the_enemy: INFO - User resized screen
2021-01-15 14:30:11| knock_the_enemy: INFO - User resized screen
2021-01-15 14:30:11| knock_the_enemy: INFO - User resized screen
2021-01-15 14:30:11| knock_the_enemy: INFO - User resized screen
2021-01-15 14:30:11| knock_the_enemy: INFO - User resized screen
2021-01-15 14:30:11| knock_the_enemy: INFO - User resized screen
2021-01-15 14:30:11| knock_the_enemy: INFO - User resized screen
2021-01-15 14:30:11| knock_the_enemy: INFO - User resized screen
2021-01-15 14:30:11| knock_the_enemy: INFO - User resized screen
2021-01-15 14:30:11| knock_the_enemy: INFO - User resized screen
2021-01-15 14:30:11| knock_the_enemy: INFO - User resized screen
2021-01-15 14:30:11| knock_the_enemy: INFO - User resized screen
2021-01-15 14:30:11| knock_the_enemy: INFO - User resized screen
2021-01-15 14:30:11| knock_the_enemy: INFO - User resized screen
2021-01-15 14:30:11| knock_the_enemy: INFO - User resized screen
2021-01-15 14:30:11| knock_the_enemy: INFO - User resized screen
2021-01-15 14:30:11| knock_the_enemy: INFO - User resized screen
2021-01-15 14:30:11| knock_the_enemy: INFO - User resized screen
2021-01-15 14:30:12| knock_the_enemy: INFO - User resized screen
2021-01-15 14:30:12| knock_the_enemy: INFO - User resized screen
2021-01-15 14:30:12| knock_the_enemy: INFO - User resized screen
2021-01-15 14:30:12| knock_the_enemy: INFO - User resized screen
2021-01-15 14:30:12| knock_the_enemy: INFO - User resized screen
2021-01-15 14:30:12| knock_the_enemy: INFO - User resized screen
2021-01-15 14:30:12| knock_the_enemy: INFO - User resized screen
2021-01-15 14:30:12| knock_the_enemy: INFO - User resized screen
2021-01-15 14:30:12| knock_the_enemy: INFO - User resized screen
2021-01-15 14:30:12| knock_the_enemy: INFO - User resized screen
2021-01-15 14:30:12| knock_the_enemy: INFO - User resized screen
2021-01-15 14:30:12| knock_the_enemy: INFO - User resized screen
2021-01-15 14:30:12| knock_the_enemy: INFO - User resized screen
2021-01-15 14:30:12| knock_the_enemy: INFO - User resized screen
2021-01-15 14:30:12| knock_the_enemy: INFO - User resized screen
2021-01-15 14:30:12| knock_the_enemy: INFO - User resized screen
2021-01-15 14:30:12| knock_the_enemy: INFO - User resized screen
2021-01-15 14:30:12| knock_the_enemy: INFO - User resized screen
2021-01-15 14:30:12| knock_the_enemy: INFO - User resized screen
2021-01-15 14:30:12| knock_the_enemy: INFO - User resized screen
2021-01-15 14:30:12| knock_the_enemy: INFO - User resized screen
2021-01-15 14:30:12| knock_the_enemy: INFO - User resized screen
2021-01-15 14:30:12| knock_the_enemy: INFO - User resized screen
2021-01-15 14:30:12| knock_the_enemy: INFO - User resized screen
2021-01-15 14:30:12| knock_the_enemy: INFO - User resized screen
2021-01-15 14:30:12| knock_the_enemy: INFO - User resized screen
2021-01-15 14:30:12| knock_the_enemy: INFO - User resized screen
2021-01-15 14:30:12| knock_the_enemy: INFO - User resized screen
2021-01-15 14:30:12| knock_the_enemy: INFO - User resized screen
2021-01-15 14:30:12| knock_the_enemy: INFO - User resized screen
2021-01-15 14:30:13| knock_the_enemy: INFO - User resized screen
2021-01-15 14:30:13| knock_the_enemy: INFO - User resized screen
2021-01-15 14:30:13| knock_the_enemy: INFO - User resized screen
2021-01-15 14:30:13| knock_the_enemy: INFO - User resized screen
2021-01-15 14:30:13| knock_the_enemy: INFO - User resized screen
2021-01-15 14:30:13| knock_the_enemy: INFO - User resized screen
2021-01-15 14:30:13| knock_the_enemy: INFO - User resized screen
2021-01-15 14:30:13| knock_the_enemy: INFO - User resized screen
2021-01-15 14:30:13| knock_the_enemy: INFO - User resized screen
2021-01-15 14:30:13| knock_the_enemy: INFO - User resized screen
2021-01-15 14:30:13| knock_the_enemy: INFO - User resized screen
2021-01-15 14:30:13| knock_the_enemy: INFO - User resized screen
2021-01-15 14:30:13| knock_the_enemy: INFO - User resized screen
2021-01-15 14:30:13| knock_the_enemy: INFO - User resized screen
2021-01-15 14:30:13| knock_the_enemy: INFO - User resized screen
2021-01-15 14:30:13| knock_the_enemy: INFO - User resized screen
2021-01-15 14:30:13| knock_the_enemy: INFO - User resized screen
2021-01-15 14:30:13| knock_the_enemy: INFO - User resized screen
2021-01-15 14:30:13| knock_the_enemy: INFO - User resized screen
2021-01-15 14:30:13| knock_the_enemy: INFO - User resized screen
2021-01-15 14:30:13| knock_the_enemy: INFO - User resized screen
2021-01-15 14:30:13| knock_the_enemy: INFO - User resized screen
2021-01-15 14:30:13| knock_the_enemy: INFO - User resized screen
2021-01-15 14:30:13| knock_the_enemy: INFO - User resized screen
2021-01-15 14:30:14| knock_the_enemy: INFO - User resized screen
2021-01-15 14:30:14| knock_the_enemy: INFO - User resized screen
2021-01-15 14:30:14| knock_the_enemy: INFO - User resized screen
2021-01-15 14:30:14| knock_the_enemy: INFO - User resized screen
2021-01-15 14:30:14| knock_the_enemy: INFO - User resized screen
2021-01-15 14:30:14| knock_the_enemy: INFO - User resized screen
2021-01-15 14:30:14| knock_the_enemy: INFO - User resized screen
2021-01-15 14:30:14| knock_the_enemy: INFO - User resized screen
2021-01-15 14:30:14| knock_the_enemy: INFO - User resized screen
2021-01-15 14:30:14| knock_the_enemy: INFO - User resized screen
2021-01-15 14:30:14| knock_the_enemy: INFO - User resized screen
2021-01-15 14:30:14| knock_the_enemy: INFO - User resized screen
2021-01-15 14:30:14| knock_the_enemy: INFO - User resized screen
2021-01-15 14:30:14| knock_the_enemy: INFO - User resized screen
2021-01-15 14:30:15| knock_the_enemy: INFO - User resized screen
2021-01-15 14:30:15| knock_the_enemy: INFO - User resized screen
2021-01-15 14:30:15| knock_the_enemy: INFO - User resized screen
2021-01-15 14:30:15| knock_the_enemy: INFO - User resized screen
2021-01-15 14:30:15| knock_the_enemy: INFO - User resized screen
2021-01-15 14:30:15| knock_the_enemy: INFO - User resized screen
2021-01-15 14:30:15| knock_the_enemy: INFO - User resized screen
2021-01-15 14:30:15| knock_the_enemy: INFO - User resized screen
2021-01-15 14:30:15| knock_the_enemy: INFO - User resized screen
2021-01-15 14:30:15| knock_the_enemy: INFO - User resized screen
2021-01-15 14:30:15| knock_the_enemy: INFO - User resized screen
2021-01-15 14:30:15| knock_the_enemy: INFO - User resized screen
2021-01-15 14:30:15| knock_the_enemy: INFO - User resized screen
2021-01-15 14:30:15| knock_the_enemy: INFO - User resized screen
2021-01-15 14:30:15| knock_the_enemy: INFO - User resized screen
2021-01-15 14:30:15| knock_the_enemy: INFO - User resized screen
2021-01-15 14:30:15| knock_the_enemy: INFO - User resized screen
2021-01-15 14:30:15| knock_the_enemy: INFO - User resized screen
2021-01-15 14:30:15| knock_the_enemy: INFO - User resized screen
2021-01-15 14:30:15| knock_the_enemy: INFO - User resized screen
2021-01-15 14:30:15| knock_the_enemy: INFO - User resized screen
2021-01-15 14:30:16| knock_the_enemy: INFO - User resized screen
2021-01-15 14:30:16| knock_the_enemy: INFO - User resized screen
2021-01-15 14:30:16| knock_the_enemy: INFO - User resized screen
2021-01-15 14:30:16| knock_the_enemy: INFO - User resized screen
2021-01-15 14:30:16| knock_the_enemy: INFO - User resized screen
2021-01-15 14:30:16| knock_the_enemy: INFO - User resized screen
2021-01-15 14:30:16| knock_the_enemy: INFO - User resized screen
2021-01-15 14:30:16| knock_the_enemy: INFO - User resized screen
2021-01-15 14:30:16| knock_the_enemy: INFO - User resized screen
2021-01-15 14:30:16| knock_the_enemy: INFO - User resized screen
2021-01-15 14:30:16| knock_the_enemy: INFO - User resized screen
2021-01-15 14:30:16| knock_the_enemy: INFO - User resized screen
2021-01-15 14:30:16| knock_the_enemy: INFO - User resized screen
2021-01-15 14:30:16| knock_the_enemy: INFO - User resized screen
2021-01-15 14:30:17| knock_the_enemy: INFO - User resized screen
2021-01-15 14:30:17| knock_the_enemy: INFO - User resized screen
2021-01-15 14:30:17| knock_the_enemy: INFO - User resized screen
2021-01-15 14:30:17| knock_the_enemy: INFO - User resized screen
2021-01-15 14:30:17| knock_the_enemy: INFO - User resized screen
2021-01-15 14:30:17| knock_the_enemy: INFO - User resized screen
2021-01-15 14:30:18| knock_the_enemy: INFO - User resized screen
2021-01-15 14:30:18| knock_the_enemy: INFO - User resized screen
2021-01-15 14:30:18| knock_the_enemy: INFO - User resized screen
2021-01-15 14:30:18| knock_the_enemy: INFO - User resized screen
2021-01-15 14:30:18| knock_the_enemy: INFO - User resized screen
2021-01-15 14:30:18| knock_the_enemy: INFO - User resized screen
2021-01-15 14:30:18| knock_the_enemy: INFO - User resized screen
2021-01-15 14:30:18| knock_the_enemy: INFO - User resized screen
2021-01-15 14:30:18| knock_the_enemy: INFO - User resized screen
2021-01-15 14:30:18| knock_the_enemy: INFO - User resized screen
2021-01-15 14:30:18| knock_the_enemy: INFO - User resized screen
2021-01-15 14:30:18| knock_the_enemy: INFO - User resized screen
2021-01-15 14:30:18| knock_the_enemy: INFO - User resized screen
2021-01-15 14:30:18| knock_the_enemy: INFO - User resized screen
2021-01-15 14:30:18| knock_the_enemy: INFO - User resized screen
2021-01-15 14:30:18| knock_the_enemy: INFO - User resized screen
2021-01-15 14:30:18| knock_the_enemy: INFO - User resized screen
2021-01-15 14:30:18| knock_the_enemy: INFO - User resized screen
2021-01-15 14:30:18| knock_the_enemy: INFO - User resized screen
2021-01-15 14:30:18| knock_the_enemy: INFO - User resized screen
2021-01-15 14:30:18| knock_the_enemy: INFO - User resized screen
2021-01-15 14:30:18| knock_the_enemy: INFO - User resized screen
2021-01-15 14:30:18| knock_the_enemy: INFO - User resized screen
2021-01-15 14:30:18| knock_the_enemy: INFO - User resized screen
2021-01-15 14:30:18| knock_the_enemy: INFO - User resized screen
2021-01-15 14:30:18| knock_the_enemy: INFO - User resized screen
2021-01-15 14:30:18| knock_the_enemy: INFO - User resized screen
2021-01-15 14:30:18| knock_the_enemy: INFO - User resized screen
2021-01-15 14:30:18| knock_the_enemy: INFO - User resized screen
2021-01-15 14:30:18| knock_the_enemy: INFO - User resized screen
2021-01-15 14:30:19| knock_the_enemy: INFO - User resized screen
2021-01-15 14:30:19| knock_the_enemy: INFO - User resized screen
2021-01-15 14:30:19| knock_the_enemy: INFO - User resized screen
2021-01-15 14:30:19| knock_the_enemy: INFO - User resized screen
2021-01-15 14:30:19| knock_the_enemy: INFO - User resized screen
2021-01-15 14:30:19| knock_the_enemy: INFO - User resized screen
2021-01-15 14:30:19| knock_the_enemy: INFO - User resized screen
2021-01-15 14:30:19| knock_the_enemy: INFO - User resized screen
2021-01-15 14:30:19| knock_the_enemy: INFO - User resized screen
2021-01-15 14:30:19| knock_the_enemy: INFO - User resized screen
2021-01-15 14:30:19| knock_the_enemy: INFO - User resized screen
2021-01-15 14:30:19| knock_the_enemy: INFO - User resized screen
2021-01-15 14:30:19| knock_the_enemy: INFO - User resized screen
2021-01-15 14:30:19| knock_the_enemy: INFO - User resized screen
2021-01-15 14:30:19| knock_the_enemy: INFO - User resized screen
2021-01-15 14:30:19| knock_the_enemy: INFO - User resized screen
2021-01-15 14:30:19| knock_the_enemy: INFO - User resized screen
2021-01-15 14:30:19| knock_the_enemy: INFO - User resized screen
2021-01-15 14:30:19| knock_the_enemy: INFO - User resized screen
2021-01-15 14:30:19| knock_the_enemy: INFO - User resized screen
2021-01-15 14:30:19| knock_the_enemy: INFO - User resized screen
2021-01-15 14:30:19| knock_the_enemy: INFO - User resized screen
2021-01-15 14:30:19| knock_the_enemy: INFO - User resized screen
2021-01-15 14:30:19| knock_the_enemy: INFO - User resized screen
2021-01-15 14:30:19| knock_the_enemy: INFO - User resized screen
2021-01-15 14:30:19| knock_the_enemy: INFO - User resized screen
2021-01-15 14:30:19| knock_the_enemy: INFO - User resized screen
2021-01-15 14:30:19| knock_the_enemy: INFO - User resized screen
2021-01-15 14:30:19| knock_the_enemy: INFO - User resized screen
2021-01-15 14:30:19| knock_the_enemy: INFO - User resized screen
2021-01-15 14:30:19| knock_the_enemy: INFO - User resized screen
2021-01-15 14:30:19| knock_the_enemy: INFO - User resized screen
2021-01-15 14:30:20| knock_the_enemy: INFO - User resized screen
2021-01-15 14:30:20| knock_the_enemy: INFO - User resized screen
2021-01-15 14:30:20| knock_the_enemy: INFO - User resized screen
2021-01-15 14:30:20| knock_the_enemy: INFO - User resized screen
2021-01-15 14:30:20| knock_the_enemy: INFO - User resized screen
2021-01-15 14:30:20| knock_the_enemy: INFO - User resized screen
2021-01-15 14:30:21| knock_the_enemy: INFO - User resized screen
2021-01-15 14:30:21| knock_the_enemy: INFO - User resized screen
2021-01-15 14:30:21| knock_the_enemy: INFO - User resized screen
2021-01-15 14:30:21| knock_the_enemy: INFO - User resized screen
2021-01-15 14:30:21| knock_the_enemy: INFO - User resized screen
2021-01-15 14:30:21| knock_the_enemy: INFO - User resized screen
2021-01-15 14:30:21| knock_the_enemy: INFO - User resized screen
2021-01-15 14:30:21| knock_the_enemy: INFO - User resized screen
2021-01-15 14:30:21| knock_the_enemy: INFO - User resized screen
2021-01-15 14:30:21| knock_the_enemy: INFO - User resized screen
2021-01-15 14:30:21| knock_the_enemy: INFO - User resized screen
2021-01-15 14:30:21| knock_the_enemy: INFO - User resized screen
2021-01-15 14:30:21| knock_the_enemy: INFO - User resized screen
2021-01-15 14:30:21| knock_the_enemy: INFO - User resized screen
2021-01-15 14:30:21| knock_the_enemy: INFO - User resized screen
2021-01-15 14:30:22| knock_the_enemy: INFO - User resized screen
2021-01-15 14:30:22| knock_the_enemy: INFO - User resized screen
2021-01-15 14:30:22| knock_the_enemy: INFO - User resized screen
2021-01-15 14:30:22| knock_the_enemy: INFO - User resized screen
2021-01-15 14:30:22| knock_the_enemy: INFO - User resized screen
2021-01-15 14:30:22| knock_the_enemy: INFO - User resized screen
2021-01-15 14:30:22| knock_the_enemy: INFO - User resized screen
2021-01-15 14:30:22| knock_the_enemy: INFO - User resized screen
2021-01-15 14:30:22| knock_the_enemy: INFO - User resized screen
2021-01-15 14:30:22| knock_the_enemy: INFO - User resized screen
2021-01-15 14:30:22| knock_the_enemy: INFO - User resized screen
2021-01-15 14:30:22| knock_the_enemy: INFO - User resized screen
2021-01-15 14:30:22| knock_the_enemy: INFO - User resized screen
2021-01-15 14:30:22| knock_the_enemy: INFO - User resized screen
2021-01-15 14:30:22| knock_the_enemy: INFO - User resized screen
2021-01-15 14:30:22| knock_the_enemy: INFO - User resized screen
2021-01-15 14:30:22| knock_the_enemy: INFO - User resized screen
2021-01-15 14:30:22| knock_the_enemy: INFO - User resized screen
2021-01-15 14:30:22| knock_the_enemy: INFO - User resized screen
2021-01-15 14:30:22| knock_the_enemy: INFO - User resized screen
2021-01-15 14:30:22| knock_the_enemy: INFO - User resized screen
2021-01-15 14:30:22| knock_the_enemy: INFO - User resized screen
2021-01-15 14:30:22| knock_the_enemy: INFO - User resized screen
2021-01-15 14:30:22| knock_the_enemy: INFO - User resized screen
2021-01-15 14:30:22| knock_the_enemy: INFO - User resized screen
2021-01-15 14:30:22| knock_the_enemy: INFO - User resized screen
2021-01-15 14:30:22| knock_the_enemy: INFO - User resized screen
2021-01-15 14:30:22| knock_the_enemy: INFO - User resized screen
2021-01-15 14:30:22| knock_the_enemy: INFO - User resized screen
2021-01-15 14:30:22| knock_the_enemy: INFO - User resized screen
2021-01-15 14:30:22| knock_the_enemy: INFO - User resized screen
2021-01-15 14:30:22| knock_the_enemy: INFO - User resized screen
2021-01-15 14:30:22| knock_the_enemy: INFO - User resized screen
2021-01-15 14:30:22| knock_the_enemy: INFO - User resized screen
2021-01-15 14:30:23| knock_the_enemy: INFO - User resized screen
2021-01-15 14:30:23| knock_the_enemy: INFO - User resized screen
2021-01-15 14:30:23| knock_the_enemy: INFO - User resized screen
2021-01-15 14:30:23| knock_the_enemy: INFO - User resized screen
2021-01-15 14:30:23| knock_the_enemy: INFO - User resized screen
2021-01-15 14:30:23| knock_the_enemy: INFO - User resized screen
2021-01-15 14:30:23| knock_the_enemy: INFO - User resized screen
2021-01-15 14:30:23| knock_the_enemy: INFO - User resized screen
2021-01-15 14:30:23| knock_the_enemy: INFO - User resized screen
2021-01-15 14:30:23| knock_the_enemy: INFO - User resized screen
2021-01-15 14:30:23| knock_the_enemy: INFO - User resized screen
2021-01-15 14:30:23| knock_the_enemy: INFO - User resized screen
2021-01-15 14:30:23| knock_the_enemy: INFO - User resized screen
2021-01-15 14:30:23| knock_the_enemy: INFO - User resized screen
2021-01-15 14:30:23| knock_the_enemy: INFO - User resized screen
2021-01-15 14:30:23| knock_the_enemy: INFO - User resized screen
2021-01-15 14:30:23| knock_the_enemy: INFO - User resized screen
2021-01-15 14:30:23| knock_the_enemy: INFO - User resized screen
2021-01-15 14:30:23| knock_the_enemy: INFO - User resized screen
2021-01-15 14:30:23| knock_the_enemy: INFO - User resized screen
2021-01-15 14:30:23| knock_the_enemy: INFO - User resized screen
2021-01-15 14:30:23| knock_the_enemy: INFO - User resized screen
2021-01-15 14:30:23| knock_the_enemy: INFO - User resized screen
2021-01-15 14:30:23| knock_the_enemy: INFO - User resized screen
2021-01-15 14:30:23| knock_the_enemy: INFO - User resized screen
2021-01-15 14:30:23| knock_the_enemy: INFO - User resized screen
2021-01-15 14:30:23| knock_the_enemy: INFO - User resized screen
2021-01-15 14:30:23| knock_the_enemy: INFO - User resized screen
2021-01-15 14:30:23| knock_the_enemy: INFO - User resized screen
2021-01-15 14:30:23| knock_the_enemy: INFO - User resized screen
2021-01-15 14:30:23| knock_the_enemy: INFO - User resized screen
2021-01-15 14:30:23| knock_the_enemy: INFO - User resized screen
2021-01-15 14:30:23| knock_the_enemy: INFO - User resized screen
2021-01-15 14:30:23| knock_the_enemy: INFO - User resized screen
2021-01-15 14:30:23| knock_the_enemy: INFO - User resized screen
2021-01-15 14:30:23| knock_the_enemy: INFO - User resized screen
2021-01-15 14:30:24| knock_the_enemy: INFO - User resized screen
2021-01-15 14:30:24| knock_the_enemy: INFO - User resized screen
2021-01-15 14:30:24| knock_the_enemy: INFO - User resized screen
2021-01-15 14:30:24| knock_the_enemy: INFO - User resized screen
2021-01-15 14:30:24| knock_the_enemy: INFO - User resized screen
2021-01-15 14:30:24| knock_the_enemy: INFO - User resized screen
2021-01-15 14:30:24| knock_the_enemy: INFO - User resized screen
2021-01-15 14:30:24| knock_the_enemy: INFO - User resized screen
2021-01-15 14:30:24| knock_the_enemy: INFO - User resized screen
2021-01-15 14:30:24| knock_the_enemy: INFO - User resized screen
2021-01-15 14:30:24| knock_the_enemy: INFO - User resized screen
2021-01-15 14:30:24| knock_the_enemy: INFO - User resized screen
2021-01-15 14:30:24| knock_the_enemy: INFO - User resized screen
2021-01-15 14:30:24| knock_the_enemy: INFO - User resized screen
2021-01-15 14:30:24| knock_the_enemy: INFO - User resized screen
2021-01-15 14:30:24| knock_the_enemy: INFO - User resized screen
2021-01-15 14:30:24| knock_the_enemy: INFO - User resized screen
2021-01-15 14:30:24| knock_the_enemy: INFO - User resized screen
2021-01-15 14:30:24| knock_the_enemy: INFO - User resized screen
2021-01-15 14:30:24| knock_the_enemy: INFO - User resized screen
2021-01-15 14:30:24| knock_the_enemy: INFO - User resized screen
2021-01-15 14:30:24| knock_the_enemy: INFO - User resized screen
2021-01-15 14:30:24| knock_the_enemy: INFO - User resized screen
2021-01-15 14:30:24| knock_the_enemy: INFO - User resized screen
2021-01-15 14:30:24| knock_the_enemy: INFO - User resized screen
2021-01-15 14:30:24| knock_the_enemy: INFO - User resized screen
2021-01-15 14:30:24| knock_the_enemy: INFO - User resized screen
2021-01-15 14:30:24| knock_the_enemy: INFO - User resized screen
2021-01-15 14:30:25| knock_the_enemy: INFO - User resized screen
2021-01-15 14:30:25| knock_the_enemy: INFO - User resized screen
2021-01-15 14:30:25| knock_the_enemy: INFO - User resized screen
2021-01-15 14:30:25| knock_the_enemy: INFO - User resized screen
2021-01-15 14:30:25| knock_the_enemy: INFO - User resized screen
2021-01-15 14:30:25| knock_the_enemy: INFO - User resized screen
2021-01-15 14:30:25| knock_the_enemy: INFO - User resized screen
2021-01-15 14:30:25| knock_the_enemy: INFO - User resized screen
